Using pre-set license
Built from '2021.1/staging' branch; Version is '2021.1.19f1 (5f5eb8bbdc25) revision 6250168'; Using compiler version '192528614'; Build Type 'Release'
OS: 'Windows 10 Home Single Language; OS build 19042.1348; Version 2009; 64bit' Language: 'en' Physical Memory: 16306 MB
BatchMode: 1, IsHumanControllingUs: 0, StartBugReporterOnCrash: 0, Is64bit: 1, IsPro: 0

COMMAND LINE ARGUMENTS:
C:\Program Files\Unity\Hub\Editor\2021.1.19f1\Editor\Unity.exe
-adb2
-batchMode
-noUpm
-name
AssetImportWorker0
-projectPath
C:/Users/Asus GM501/Desktop/GAME2014-F2021-Lab7-main
-logFile
Logs/AssetImportWorker0.log
-srvPort
60571
Successfully changed project path to: C:/Users/Asus GM501/Desktop/GAME2014-F2021-Lab7-main
C:/Users/Asus GM501/Desktop/GAME2014-F2021-Lab7-main
Using Asset Import Pipeline V2.
Refreshing native plugins compatible for Editor in 120.83 ms, found 4 plugins.
Preloading 0 native plugins for Editor in 0.00 ms.
Initialize engine version: 2021.1.19f1 (5f5eb8bbdc25)
[Subsystems] Discovering subsystems at path C:/Program Files/Unity/Hub/Editor/2021.1.19f1/Editor/Data/Resources/UnitySubsystems
[Subsystems] Discovering subsystems at path C:/Users/Asus GM501/Desktop/GAME2014-F2021-Lab7-main/Assets
GfxDevice: creating device client; threaded=0; jobified=0
Direct3D:
    Version:  Direct3D 11.0 [level 11.1]
    Renderer: NVIDIA GeForce GTX 1070 (ID=0x1be1)
    Vendor:   NVIDIA
    VRAM:     8081 MB
    Driver:   30.0.14.9649
Initialize mono
Mono path[0] = 'C:/Program Files/Unity/Hub/Editor/2021.1.19f1/Editor/Data/Managed'
Mono path[1] = 'C:/Program Files/Unity/Hub/Editor/2021.1.19f1/Editor/Data/MonoBleedingEdge/lib/mono/unityjit'
Mono config path = 'C:/Program Files/Unity/Hub/Editor/2021.1.19f1/Editor/Data/MonoBleedingEdge/etc'
Using monoOptions --debugger-agent=transport=dt_socket,embedding=1,server=y,suspend=n,address=127.0.0.1:56816
Begin MonoManager ReloadAssembly
Registering precompiled unity dll's ...
Register platform support module: C:/Program Files/Unity/Hub/Editor/2021.1.19f1/Editor/Data/PlaybackEngines/WebGLSupport/UnityEditor.WebGL.Extensions.dll
Register platform support module: C:/Program Files/Unity/Hub/Editor/2021.1.19f1/Editor/Data/PlaybackEngines/WindowsStandaloneSupport/UnityEditor.WindowsStandalone.Extensions.dll
Registered in 0.002763 seconds.
Native extension for WindowsStandalone target not found
Native extension for WebGL target not found
Refreshing native plugins compatible for Editor in 121.09 ms, found 4 plugins.
Preloading 0 native plugins for Editor in 0.00 ms.
Mono: successfully reloaded assembly
- Completed reload, in  2.668 seconds
Domain Reload Profiling:
	ReloadAssembly (2669ms)
		BeginReloadAssembly (74ms)
			ExecutionOrderSort (0ms)
			DisableScriptedObjects (0ms)
			BackupInstance (0ms)
			ReleaseScriptingObjects (0ms)
			CreateAndSetChildDomain (1ms)
		EndReloadAssembly (543ms)
			LoadAssemblies (71ms)
			RebuildTransferFunctionScriptingTraits (0ms)
			SetupTypeCache (175ms)
			ReleaseScriptCaches (0ms)
			RebuildScriptCaches (37ms)
			SetupLoadedEditorAssemblies (276ms)
				LogAssemblyErrors (0ms)
				InitializePlatformSupportModulesInManaged (8ms)
				SetLoadedEditorAssemblies (0ms)
				RefreshPlugins (121ms)
				BeforeProcessingInitializeOnLoad (2ms)
				ProcessInitializeOnLoadAttributes (112ms)
				ProcessInitializeOnLoadMethodAttributes (33ms)
				AfterProcessingInitializeOnLoad (0ms)
				EditorAssembliesLoaded (0ms)
			ExecutionOrderSort2 (0ms)
			AwakeInstancesAfterBackupRestoration (0ms)
Platform modules already initialized, skipping
Registering precompiled user dll's ...
Registered in 0.006738 seconds.
Begin MonoManager ReloadAssembly
Symbol file LoadedFromMemory doesn't match image C:\Users\Asus GM501\Desktop\GAME2014-F2021-Lab7-main\Library\PackageCache\com.unity.visualscripting@1.6.1\Editor\VisualScripting.Core\Dependencies\YamlDotNet\Unity.VisualScripting.YamlDotNet.dll
Symbol file LoadedFromMemory doesn't match image C:\Users\Asus GM501\Desktop\GAME2014-F2021-Lab7-main\Library\PackageCache\com.unity.visualscripting@1.6.1\Editor\VisualScripting.Core\Dependencies\DotNetZip\Unity.VisualScripting.IonicZip.dll
Native extension for WindowsStandalone target not found
Native extension for WebGL target not found
Refreshing native plugins compatible for Editor in 134.62 ms, found 4 plugins.
Preloading 0 native plugins for Editor in 0.00 ms.
Mono: successfully reloaded assembly
- Completed reload, in  1.660 seconds
Domain Reload Profiling:
	ReloadAssembly (1660ms)
		BeginReloadAssembly (174ms)
			ExecutionOrderSort (0ms)
			DisableScriptedObjects (7ms)
			BackupInstance (0ms)
			ReleaseScriptingObjects (0ms)
			CreateAndSetChildDomain (21ms)
		EndReloadAssembly (1418ms)
			LoadAssemblies (118ms)
			RebuildTransferFunctionScriptingTraits (0ms)
			SetupTypeCache (451ms)
			ReleaseScriptCaches (1ms)
			RebuildScriptCaches (87ms)
			SetupLoadedEditorAssemblies (635ms)
				LogAssemblyErrors (0ms)
				InitializePlatformSupportModulesInManaged (8ms)
				SetLoadedEditorAssemblies (0ms)
				RefreshPlugins (135ms)
				BeforeProcessingInitializeOnLoad (126ms)
				ProcessInitializeOnLoadAttributes (338ms)
				ProcessInitializeOnLoadMethodAttributes (19ms)
				AfterProcessingInitializeOnLoad (8ms)
				EditorAssembliesLoaded (0ms)
			ExecutionOrderSort2 (0ms)
			AwakeInstancesAfterBackupRestoration (10ms)
Platform modules already initialized, skipping
========================================================================
Worker process is ready to serve import requests
Launched and connected shader compiler UnityShaderCompiler.exe after 0.08 seconds
Refreshing native plugins compatible for Editor in 1.00 ms, found 4 plugins.
Preloading 0 native plugins for Editor in 0.00 ms.
Unloading 3931 Unused Serialized files (Serialized files now loaded: 0)
System memory in use before: 144.5 MB.
System memory in use after: 144.7 MB.

Unloading 43 unused Assets to reduce memory usage. Loaded Objects now: 4364.
Total: 4.102400 ms (FindLiveObjects: 0.345000 ms CreateObjectMapping: 0.220400 ms MarkObjects: 3.450200 ms  DeleteObjects: 0.085400 ms)

AssetImportParameters requested are different than current active one (requested -> active):
  custom:framework-win-MediaFoundation: 216162199b28c13a410421893ffa2e32 -> 
  custom:video-decoder-ogg-theora: a1e56fd34408186e4bbccfd4996cb3dc -> 
  custom:container-muxer-webm: aa71ff27fc2769a1b78a27578f13a17b -> 
  custom:container-demuxer-webm: 4f35f7cbe854078d1ac9338744f61a02 -> 
  custom:container-demuxer-ogg: 62fdf1f143b41e24485cea50d1cbac27 -> 
  custom:video-encoder-webm-vp8: eb34c28f22e8b96e1ab97ce403110664 -> 
  custom:video-codec-MediaFoundation-h265: 746d11721c4dcdbdad8f713fa42b33f4 -> 
  custom:video-decoder-webm-vp8: 9c59270c3fd7afecdb556c50c9e8de78 -> 
  custom:audio-decoder-ogg-vorbis: bf7c407c2cedff20999df2af8eb42d56 -> 
  custom:audio-encoder-webm-vorbis: bf7c407c2cedff20999df2af8eb42d56 -> 
========================================================================
Received Import Request.
  path: Assets/[Scenes]/Main.unity
  artifactKey: Guid(2cda990e2423bbf4892e6590ba056729) Importer(815301076,1909f56bfc062723c751e8b465ee728b)
Start importing Assets/[Scenes]/Main.unity using Guid(2cda990e2423bbf4892e6590ba056729) Importer(815301076,1909f56bfc062723c751e8b465ee728b)  -> (artifact id: '19cb916ef3f0b36a2bedf95813fbc703') in 0.020661 seconds 
========================================================================
Received Import Request.
  Time since last request: 0.000421 seconds.
  path: Assets/[Scenes]
  artifactKey: Guid(bbbc74fad6ed1d243aee6102298f428b) Importer(815301076,1909f56bfc062723c751e8b465ee728b)
Start importing Assets/[Scenes] using Guid(bbbc74fad6ed1d243aee6102298f428b) Importer(815301076,1909f56bfc062723c751e8b465ee728b)  -> (artifact id: '6107834bbba231fd6e43a76c14788af6') in 0.007736 seconds 
========================================================================
Received Import Request.
  Time since last request: 199.578191 seconds.
  path: Assets/Sprites/Animation/Player/Player-Run-Clip.anim
  artifactKey: Guid(77ef3d05a62b88b4782c44cdae944b4b) Importer(815301076,1909f56bfc062723c751e8b465ee728b)
Start importing Assets/Sprites/Animation/Player/Player-Run-Clip.anim using Guid(77ef3d05a62b88b4782c44cdae944b4b) Importer(815301076,1909f56bfc062723c751e8b465ee728b)  -> (artifact id: 'e3689dacf95b7fd6e227e94f63ed7fde') in 0.038672 seconds 
========================================================================
Received Import Request.
  Time since last request: 29.856420 seconds.
  path: Assets/Sprites/Animation/Player/Player-Idle-Clip.anim
  artifactKey: Guid(2fe5fa0e00c2caf44b5c75557ab34c07) Importer(815301076,1909f56bfc062723c751e8b465ee728b)
Start importing Assets/Sprites/Animation/Player/Player-Idle-Clip.anim using Guid(2fe5fa0e00c2caf44b5c75557ab34c07) Importer(815301076,1909f56bfc062723c751e8b465ee728b)  -> (artifact id: '1c72fa5f9965aeb354cca7e0e16d2559') in 0.009763 seconds 
========================================================================
Received Import Request.
  Time since last request: 2.153507 seconds.
  path: Assets/Sprites/Animation/Player/Player-Jump-Clip.anim
  artifactKey: Guid(49474c7b1925a0b4b902cba302f08a01) Importer(815301076,1909f56bfc062723c751e8b465ee728b)
Start importing Assets/Sprites/Animation/Player/Player-Jump-Clip.anim using Guid(49474c7b1925a0b4b902cba302f08a01) Importer(815301076,1909f56bfc062723c751e8b465ee728b)  -> (artifact id: 'ae89e04921d01d742bf336cc46dc9a8f') in 0.008562 seconds 
========================================================================
Received Import Request.
  Time since last request: 31.230288 seconds.
  path: Assets/Sprites/Animation/Player/PlayerAnimatorController.controller
  artifactKey: Guid(04d1b01b51a210c4dbe45772551088d6) Importer(815301076,1909f56bfc062723c751e8b465ee728b)
Start importing Assets/Sprites/Animation/Player/PlayerAnimatorController.controller using Guid(04d1b01b51a210c4dbe45772551088d6) Importer(815301076,1909f56bfc062723c751e8b465ee728b)  -> (artifact id: 'e6090aae12c85f057c78a36249464224') in 0.011822 seconds 
========================================================================
Received Import Request.
  Time since last request: 6.103417 seconds.
  path: Assets/Sprites/Animation/Player/Player-Idle-Clip.anim
  artifactKey: Guid(2fe5fa0e00c2caf44b5c75557ab34c07) Importer(815301076,1909f56bfc062723c751e8b465ee728b)
Start importing Assets/Sprites/Animation/Player/Player-Idle-Clip.anim using Guid(2fe5fa0e00c2caf44b5c75557ab34c07) Importer(815301076,1909f56bfc062723c751e8b465ee728b)  -> (artifact id: '4bda2699e80723253b203e1400726603') in 0.003805 seconds 
========================================================================
Received Import Request.
  Time since last request: 3.605939 seconds.
  path: Assets/Sprites/Animation/Player/Player-Jump-Clip.anim
  artifactKey: Guid(49474c7b1925a0b4b902cba302f08a01) Importer(815301076,1909f56bfc062723c751e8b465ee728b)
Start importing Assets/Sprites/Animation/Player/Player-Jump-Clip.anim using Guid(49474c7b1925a0b4b902cba302f08a01) Importer(815301076,1909f56bfc062723c751e8b465ee728b)  -> (artifact id: '6c0c2dc01785a26ac87e2286489a0057') in 0.003190 seconds 
========================================================================
Received Import Request.
  Time since last request: 1.244668 seconds.
  path: Assets/Sprites/Animation/Player/Player-Run-Clip.anim
  artifactKey: Guid(77ef3d05a62b88b4782c44cdae944b4b) Importer(815301076,1909f56bfc062723c751e8b465ee728b)
Start importing Assets/Sprites/Animation/Player/Player-Run-Clip.anim using Guid(77ef3d05a62b88b4782c44cdae944b4b) Importer(815301076,1909f56bfc062723c751e8b465ee728b)  -> (artifact id: 'a072e1eba637489ad750550021d00ebb') in 0.004417 seconds 
========================================================================
Received Import Request.
  Time since last request: 17.893489 seconds.
  path: Assets/Xternal Assets/Sunnyland
  artifactKey: Guid(81b0985f03630694fbf89ac8c7ab41a6) Importer(815301076,1909f56bfc062723c751e8b465ee728b)
Start importing Assets/Xternal Assets/Sunnyland using Guid(81b0985f03630694fbf89ac8c7ab41a6) Importer(815301076,1909f56bfc062723c751e8b465ee728b)  -> (artifact id: '8ba4fc44004d5a412eb7fa09829143b7') in 0.007830 seconds 
